# JRE version: Java(TM) SE Runtime Environment (8.0_25-b17) (build 1.8.0_25-b17)
# Java VM: Java HotSpot(TM) 64-Bit Server VM (25.25-b02 mixed mode bsd-amd64 compressed oops)
Heap:
 PSYoungGen      total 302592K, used 126144K [0x00000007aab00000, 0x00000007c0000000, 0x00000007c0000000)
  eden space 278528K, 36% used [0x00000007aab00000,0x00000007b0ed9ac0,0x00000007bbb00000)
  from space 24064K, 99% used [0x00000007bbb00000,0x00000007bd256918,0x00000007bd280000)
  to   space 37376K, 0% used [0x00000007bdb80000,0x00000007bdb80000,0x00000007c0000000)
 ParOldGen       total 162816K, used 69798K [0x0000000780000000, 0x0000000789f00000, 0x00000007aab00000)
  object space 162816K, 42% used [0x0000000780000000,0x0000000784429808,0x0000000789f00000)
 Metaspace       used 71245K, capacity 75646K, committed 78720K, reserved 1116160K
  class space    used 9630K, capacity 11193K, committed 12160K, reserved 1048576K
GC Heap History (10 events):
Event: 3271.079 GC heap before
{Heap before GC invocations=26 (full 7):
 PSYoungGen      total 312832K, used 80442K [0x00000007aab00000, 0x00000007c0000000, 0x00000007c0000000)
  eden space 281600K, 28% used [0x00000007aab00000,0x00000007af98eb60,0x00000007bbe00000)
  from space 31232K, 0% used [0x00000007be180000,0x00000007be180000,0x00000007c0000000)
  to   space 33792K, 0% used [0x00000007bbe00000,0x00000007bbe00000,0x00000007bdf00000)
 ParOldGen       total 162816K, used 86987K [0x0000000780000000, 0x0000000789f00000, 0x00000007aab00000)
  object space 162816K, 53% used [0x0000000780000000,0x00000007854f2da8,0x0000000789f00000)
 Metaspace       used 75895K, capacity 80427K, committed 80768K, reserved 1118208K
  class space    used 10469K, capacity 12084K, committed 12160K, reserved 1048576K
Event: 3271.129 GC heap after
Heap after GC invocations=26 (full 7):
 PSYoungGen      total 301056K, used 19082K [0x00000007aab00000, 0x00000007c0000000, 0x00000007c0000000)
  eden space 281600K, 0% used [0x00000007aab00000,0x00000007aab00000,0x00000007bbe00000)
  from space 19456K, 98% used [0x00000007bbe00000,0x00000007bd0a29d0,0x00000007bd100000)
  to   space 34304K, 0% used [0x00000007bde80000,0x00000007bde80000,0x00000007c0000000)
 ParOldGen       total 162816K, used 86987K [0x0000000780000000, 0x0000000789f00000, 0x00000007aab00000)
  object space 162816K, 53% used [0x0000000780000000,0x00000007854f2da8,0x0000000789f00000)
 Metaspace       used 75895K, capacity 80427K, committed 80768K, reserved 1118208K
  class space    used 10469K, capacity 12084K, committed 12160K, reserved 1048576K
}
Event: 3271.130 GC heap before
{Heap before GC invocations=27 (full 8):
 PSYoungGen      total 301056K, used 19082K [0x00000007aab00000, 0x00000007c0000000, 0x00000007c0000000)
  eden space 281600K, 0% used [0x00000007aab00000,0x00000007aab00000,0x00000007bbe00000)
  from space 19456K, 98% used [0x00000007bbe00000,0x00000007bd0a29d0,0x00000007bd100000)
  to   space 34304K, 0% used [0x00000007bde80000,0x00000007bde80000,0x00000007c0000000)
 ParOldGen       total 162816K, used 86987K [0x0000000780000000, 0x0000000789f00000, 0x00000007aab00000)
  object space 162816K, 53% used [0x0000000780000000,0x00000007854f2da8,0x0000000789f00000)
 Metaspace       used 75895K, capacity 80427K, committed 80768K, reserved 1118208K
  class space    used 10469K, capacity 12084K, committed 12160K, reserved 1048576K
Event: 3271.527 GC heap after
Heap after GC invocations=27 (full 8):
 PSYoungGen      total 301056K, used 0K [0x00000007aab00000, 0x00000007c0000000, 0x00000007c0000000)
  eden space 281600K, 0% used [0x00000007aab00000,0x00000007aab00000,0x00000007bbe00000)
  from space 19456K, 0% used [0x00000007bbe00000,0x00000007bbe00000,0x00000007bd100000)
  to   space 34304K, 0% used [0x00000007bde80000,0x00000007bde80000,0x00000007c0000000)
 ParOldGen       total 162816K, used 66489K [0x0000000780000000, 0x0000000789f00000, 0x00000007aab00000)
  object space 162816K, 40% used [0x0000000780000000,0x00000007840ee6e8,0x0000000789f00000)
 Metaspace       used 54737K, capacity 56838K, committed 78720K, reserved 1116160K
  class space    used 7234K, capacity 8018K, committed 12160K, reserved 1048576K
}
Event: 3478.469 GC heap before
{Heap before GC invocations=28 (full 8):
 PSYoungGen      total 301056K, used 243734K [0x00000007aab00000, 0x00000007c0000000, 0x00000007c0000000)
  eden space 281600K, 86% used [0x00000007aab00000,0x00000007b9905b38,0x00000007bbe00000)
  from space 19456K, 0% used [0x00000007bbe00000,0x00000007bbe00000,0x00000007bd100000)
  to   space 34304K, 0% used [0x00000007bde80000,0x00000007bde80000,0x00000007c0000000)
 ParOldGen       total 162816K, used 66489K [0x0000000780000000, 0x0000000789f00000, 0x00000007aab00000)
  object space 162816K, 40% used [0x0000000780000000,0x00000007840ee6e8,0x0000000789f00000)
 Metaspace       used 61303K, capacity 64391K, committed 78720K, reserved 1116160K
  class space    used 8219K, capacity 9291K, committed 12160K, reserved 1048576K
Event: 3478.518 GC heap after
Heap after GC invocations=28 (full 8):
 PSYoungGen      total 312832K, used 21866K [0x00000007aab00000, 0x00000007c0000000, 0x00000007c0000000)
  eden space 278528K, 0% used [0x00000007aab00000,0x00000007aab00000,0x00000007bbb00000)
  from space 34304K, 63% used [0x00000007bde80000,0x00000007bf3dab48,0x00000007c0000000)
  to   space 35328K, 0% used [0x00000007bbb00000,0x00000007bbb00000,0x00000007bdd80000)
 ParOldGen       total 162816K, used 66497K [0x0000000780000000, 0x0000000789f00000, 0x00000007aab00000)
  object space 162816K, 40% used [0x0000000780000000,0x00000007840f06e8,0x0000000789f00000)
 Metaspace       used 61303K, capacity 64391K, committed 78720K, reserved 1116160K
  class space    used 8219K, capacity 9291K, committed 12160K, reserved 1048576K
}
Event: 3478.518 GC heap before
{Heap before GC invocations=29 (full 9):
 PSYoungGen      total 312832K, used 21866K [0x00000007aab00000, 0x00000007c0000000, 0x00000007c0000000)
  eden space 278528K, 0% used [0x00000007aab00000,0x00000007aab00000,0x00000007bbb00000)
  from space 34304K, 63% used [0x00000007bde80000,0x00000007bf3dab48,0x00000007c0000000)
  to   space 35328K, 0% used [0x00000007bbb00000,0x00000007bbb00000,0x00000007bdd80000)
 ParOldGen       total 162816K, used 66497K [0x0000000780000000, 0x0000000789f00000, 0x00000007aab00000)
  object space 162816K, 40% used [0x0000000780000000,0x00000007840f06e8,0x0000000789f00000)
 Metaspace       used 61303K, capacity 64391K, committed 78720K, reserved 1116160K
  class space    used 8219K, capacity 9291K, committed 12160K, reserved 1048576K
Event: 3478.917 GC heap after
Heap after GC invocations=29 (full 9):
 PSYoungGen      total 312832K, used 0K [0x00000007aab00000, 0x00000007c0000000, 0x00000007c0000000)
  eden space 278528K, 0% used [0x00000007aab00000,0x00000007aab00000,0x00000007bbb00000)
  from space 34304K, 0% used [0x00000007bde80000,0x00000007bde80000,0x00000007c0000000)
  to   space 35328K, 0% used [0x00000007bbb00000,0x00000007bbb00000,0x00000007bdd80000)
 ParOldGen       total 162816K, used 69790K [0x0000000780000000, 0x0000000789f00000, 0x00000007aab00000)
  object space 162816K, 42% used [0x0000000780000000,0x0000000784427808,0x0000000789f00000)
 Metaspace       used 61269K, capacity 64277K, committed 78720K, reserved 1116160K
  class space    used 8211K, capacity 9257K, committed 12160K, reserved 1048576K
}
Event: 3552.686 GC heap before
{Heap before GC invocations=30 (full 9):
 PSYoungGen      total 312832K, used 278528K [0x00000007aab00000, 0x00000007c0000000, 0x00000007c0000000)
  eden space 278528K, 100% used [0x00000007aab00000,0x00000007bbb00000,0x00000007bbb00000)
  from space 34304K, 0% used [0x00000007bde80000,0x00000007bde80000,0x00000007c0000000)
  to   space 35328K, 0% used [0x00000007bbb00000,0x00000007bbb00000,0x00000007bdd80000)
 ParOldGen       total 162816K, used 69790K [0x0000000780000000, 0x0000000789f00000, 0x00000007aab00000)
  object space 162816K, 42% used [0x0000000780000000,0x0000000784427808,0x0000000789f00000)
 Metaspace       used 68058K, capacity 71918K, committed 78720K, reserved 1116160K
  class space    used 9207K, capacity 10538K, committed 12160K, reserved 1048576K
Event: 3552.728 GC heap after
Heap after GC invocations=30 (full 9):
 PSYoungGen      total 302592K, used 23898K [0x00000007aab00000, 0x00000007c0000000, 0x00000007c0000000)
  eden space 278528K, 0% used [0x00000007aab00000,0x00000007aab00000,0x00000007bbb00000)
  from space 24064K, 99% used [0x00000007bbb00000,0x00000007bd256918,0x00000007bd280000)
  to   space 37376K, 0% used [0x00000007bdb80000,0x00000007bdb80000,0x00000007c0000000)
 ParOldGen       total 162816K, used 69798K [0x0000000780000000, 0x0000000789f00000, 0x00000007aab00000)
  object space 162816K, 42% used [0x0000000780000000,0x0000000784429808,0x0000000789f00000)
 Metaspace       used 68058K, capacity 71918K, committed 78720K, reserved 1116160K
  class space    used 9207K, capacity 10538K, committed 12160K, reserved 1048576K
}

